<?xml version="1.0" encoding="UTF-8"?>
<!-- Generated by org.testng.reporters.JUnitReportReporter -->
<testsuite skipped="2" hostname="Nas" name="com.enthrall.mobile.oct21.practice.SimpleTest" tests="3" failures="0" timestamp="2022-04-16T14:03:18 EDT" time="24.075" errors="0">
  <testcase name="testWithGrubHub" time="24.075" classname="com.enthrall.mobile.oct21.practice.SimpleTest"/>
  <system-out/>
  <testcase name="testWithApp" classname="com.enthrall.mobile.oct21.practice.SimpleTest">
    <skipped/>
  </testcase> <!-- testWithApp -->
  <system-out/>
  <testcase name="testASimpleAppiumScript" classname="com.enthrall.mobile.oct21.practice.SimpleTest">
    <skipped/>
  </testcase> <!-- testASimpleAppiumScript -->
  <system-out/>
</testsuite> <!-- com.enthrall.mobile.oct21.practice.SimpleTest -->
